<?xml version="1.0" encoding="UTF-8"?>
<!-- Generated by org.testng.reporters.JUnitReportReporter -->
<testsuite hostname="LAPTOP-6B0TI4CV" failures="0" tests="1" name="testCases.TC001_AccountRegistrationTest" time="1.779" errors="0" timestamp="2025-09-06T10:55:31 IST" skipped="0">
  <testcase classname="testCases.TC001_AccountRegistrationTest" name="verify_account_registration" time="1.779"/>
</testsuite> <!-- testCases.TC001_AccountRegistrationTest -->
